[13372:10680:0302/193630.998:WARNING:chrome_main_delegate.cc(745)] This is Chrome version 128.0.6613.138 (not a warning)
[20660:28388:0302/193630.998:WARNING:chrome_main_delegate.cc(745)] This is Chrome version 128.0.6613.138 (not a warning)
[20660:28388:0302/193631.023:ERROR:os_crypt_win.cc(100)] Failed to decrypt: Key not valid for use in specified state. (0x8009000B)
[20660:28388:0302/193631.070:WARNING:account_consistency_mode_manager.cc(77)] Desktop Identity Consistency cannot be enabled as no OAuth client ID and client secret have been configured.
[13372:10680:0302/193632.130:WARNING:chrome_main_delegate.cc(745)] This is Chrome version 128.0.6613.138 (not a warning)
[13372:10680:0302/193632.290:WARNING:account_consistency_mode_manager.cc(77)] Desktop Identity Consistency cannot be enabled as no OAuth client ID and client secret have been configured.
[20660:28204:0302/193638.685:WARNING:leveldb_database.cc(141)] Unable to open C:\Users\ASUS\OneDrive\Documents\GitHub\Read-The-Room-SalmonRow\Nascent 5.7\Saved\webcache_6613\Default\shared_proto_db\metadata: IO error: C:\Users\ASUS\OneDrive\Documents\GitHub\Read-The-Room-SalmonRow\Nascent 5.7\Saved\webcache_6613\Default\shared_proto_db\metadata/MANIFEST-000001: Unable to create sequential file (ChromeMethodBFE: 7::NewSequentialFile::1)
[20660:28204:0302/193638.688:WARNING:leveldb_database.cc(141)] Unable to open C:\Users\ASUS\OneDrive\Documents\GitHub\Read-The-Room-SalmonRow\Nascent 5.7\Saved\webcache_6613\Default\shared_proto_db\metadata: IO error: C:\Users\ASUS\OneDrive\Documents\GitHub\Read-The-Room-SalmonRow\Nascent 5.7\Saved\webcache_6613\Default\shared_proto_db\metadata/MANIFEST-000001: Unable to create sequential file (ChromeMethodBFE: 7::NewSequentialFile::1)
[20660:28204:0302/193638.691:WARNING:leveldb_database.cc(141)] Unable to open C:\Users\ASUS\OneDrive\Documents\GitHub\Read-The-Room-SalmonRow\Nascent 5.7\Saved\webcache_6613\Default\shared_proto_db\metadata: IO error: C:\Users\ASUS\OneDrive\Documents\GitHub\Read-The-Room-SalmonRow\Nascent 5.7\Saved\webcache_6613\Default\shared_proto_db\metadata/MANIFEST-000001: Unable to create sequential file (ChromeMethodBFE: 7::NewSequentialFile::1)
[20660:28204:0302/193638.694:WARNING:leveldb_database.cc(141)] Unable to open C:\Users\ASUS\OneDrive\Documents\GitHub\Read-The-Room-SalmonRow\Nascent 5.7\Saved\webcache_6613\Default\shared_proto_db\metadata: IO error: C:\Users\ASUS\OneDrive\Documents\GitHub\Read-The-Room-SalmonRow\Nascent 5.7\Saved\webcache_6613\Default\shared_proto_db\metadata/MANIFEST-000001: Unable to create sequential file (ChromeMethodBFE: 7::NewSequentialFile::1)
[9040:23176:0302/193639.225:ERROR:backend_impl.cc(989)] Critical error found -8
[9040:23176:0302/193639.225:ERROR:entry_impl.cc(1029)] No file for b2020028
[9040:23176:0302/193639.225:WARNING:storage_block-inl.h(138)] Failed data load.
[20660:28204:0302/193639.236:WARNING:value_store_frontend.cc(47)] Reading ahfgeienlihckogmohjhadlkjgocpleb.alarms from  failed: IO error: .../MANIFEST-000001: Unable to create sequential file (ChromeMethodBFE: 7::NewSequentialFile::1)
[20660:28204:0302/193639.245:WARNING:value_store_frontend.cc(47)] Reading mhjfbmdgcfjbbpaeojofohoefgiehjai.alarms from  failed: IO error: .../MANIFEST-000001: Unable to create sequential file (ChromeMethodBFE: 7::NewSequentialFile::1)
[20660:15992:0302/193639.342:WARNING:leveldb_database.cc(141)] Unable to open C:\Users\ASUS\OneDrive\Documents\GitHub\Read-The-Room-SalmonRow\Nascent 5.7\Saved\webcache_6613\Default\GCM Store\Encryption: IO error: C:\Users\ASUS\OneDrive\Documents\GitHub\Read-The-Room-SalmonRow\Nascent 5.7\Saved\webcache_6613\Default\GCM Store\Encryption/MANIFEST-000001: Unable to create sequential file (ChromeMethodBFE: 7::NewSequentialFile::1)
[25952:11952:0302/193640.639:WARNING:frame_impl.cc(430)] virtual CefFrameImpl::SendProcessMessage sent to detached frame 5-D5059EE6B1210A2F237751C73263D59C will be ignored
[21932:21936:0302/193641.325:WARNING:frame_impl.cc(430)] virtual CefFrameImpl::SendProcessMessage sent to detached frame 5-D79F7276C7C090C7F475C19E97A099B8 will be ignored
[13372:10680:0302/194635.702:WARNING:pref_notifier_impl.cc(41)] Pref observer for media_router.cast_allow_all_ips found at shutdown.
[20660:28388:0302/204508.958:WARNING:pref_notifier_impl.cc(41)] Pref observer for media_router.cast_allow_all_ips found at shutdown.
