[5328:11544:0223/213108.127:WARNING:chrome_main_delegate.cc(745)] This is Chrome version 128.0.6613.138 (not a warning)
[5328:11544:0223/213108.290:ERROR:os_crypt_win.cc(100)] Failed to decrypt: Key not valid for use in specified state. (0x8009000B)
[5328:14312:0223/213108.377:ERROR:google_update_settings.cc(265)] Failed opening key Software\Chromium to set usagestats; result: 5
[5328:11544:0223/213108.463:WARNING:account_consistency_mode_manager.cc(77)] Desktop Identity Consistency cannot be enabled as no OAuth client ID and client secret have been configured.
[5328:2808:0223/213117.214:WARNING:leveldb_database.cc(141)] Unable to open C:\Users\emanu\Documents\GitHub\Read-The-Room-SalmonRow\Nascent\Saved\webcache_6613\Default\shared_proto_db\metadata: IO error: C:\Users\emanu\Documents\GitHub\Read-The-Room-SalmonRow\Nascent\Saved\webcache_6613\Default\shared_proto_db\metadata/MANIFEST-000001: Unable to create sequential file (ChromeMethodBFE: 7::NewSequentialFile::1)
[5328:2808:0223/213117.219:WARNING:leveldb_database.cc(141)] Unable to open C:\Users\emanu\Documents\GitHub\Read-The-Room-SalmonRow\Nascent\Saved\webcache_6613\Default\shared_proto_db\metadata: IO error: C:\Users\emanu\Documents\GitHub\Read-The-Room-SalmonRow\Nascent\Saved\webcache_6613\Default\shared_proto_db\metadata/MANIFEST-000001: Unable to create sequential file (ChromeMethodBFE: 7::NewSequentialFile::1)
[5328:2808:0223/213117.223:WARNING:leveldb_database.cc(141)] Unable to open C:\Users\emanu\Documents\GitHub\Read-The-Room-SalmonRow\Nascent\Saved\webcache_6613\Default\shared_proto_db\metadata: IO error: C:\Users\emanu\Documents\GitHub\Read-The-Room-SalmonRow\Nascent\Saved\webcache_6613\Default\shared_proto_db\metadata/MANIFEST-000001: Unable to create sequential file (ChromeMethodBFE: 7::NewSequentialFile::1)
[5328:2808:0223/213117.229:WARNING:leveldb_database.cc(141)] Unable to open C:\Users\emanu\Documents\GitHub\Read-The-Room-SalmonRow\Nascent\Saved\webcache_6613\Default\shared_proto_db\metadata: IO error: C:\Users\emanu\Documents\GitHub\Read-The-Room-SalmonRow\Nascent\Saved\webcache_6613\Default\shared_proto_db\metadata/MANIFEST-000001: Unable to create sequential file (ChromeMethodBFE: 7::NewSequentialFile::1)
[24388:23684:0223/213118.065:ERROR:backend_impl.cc(989)] Critical error found -8
[5328:22892:0223/213118.089:WARNING:value_store_frontend.cc(47)] Reading ahfgeienlihckogmohjhadlkjgocpleb.alarms from  failed: IO error: .../MANIFEST-000001: Unable to create sequential file (ChromeMethodBFE: 7::NewSequentialFile::1)
[5328:22892:0223/213118.108:WARNING:value_store_frontend.cc(47)] Reading mhjfbmdgcfjbbpaeojofohoefgiehjai.alarms from  failed: IO error: .../MANIFEST-000001: Unable to create sequential file (ChromeMethodBFE: 7::NewSequentialFile::1)
[24388:23684:0223/213118.914:WARNING:storage_block-inl.h(138)] Failed data load.
[5328:19588:0223/213119.826:WARNING:browser_info.cc(345)] Returning a speculative frame for [9,5]
[5328:11544:0223/213119.859:WARNING:browser_info.cc(345)] Returning a speculative frame for [10,5]
[5328:11544:0223/213119.859:WARNING:browser_info.cc(345)] Returning a speculative frame for [10,5]
[5328:11544:0223/213119.859:WARNING:browser_info.cc(345)] Returning a speculative frame for [10,5]
[5328:11544:0223/213119.859:WARNING:browser_info.cc(345)] Returning a speculative frame for [10,5]
[5328:19588:0223/213119.905:WARNING:browser_info.cc(345)] Returning a speculative frame for [10,5]
[24388:24408:0223/213131.316:WARNING:cache_util.cc(144)] Unable to delete cache folder.
[5328:828:0223/213132.198:WARNING:leveldb_database.cc(141)] Unable to open C:\Users\emanu\Documents\GitHub\Read-The-Room-SalmonRow\Nascent\Saved\webcache_6613\Default\GCM Store\Encryption: IO error: C:\Users\emanu\Documents\GitHub\Read-The-Room-SalmonRow\Nascent\Saved\webcache_6613\Default\GCM Store\Encryption/MANIFEST-000001: Unable to create sequential file (ChromeMethodBFE: 7::NewSequentialFile::1)
[21176:25216:0223/213343.600:ERROR:shared_image_manager.cc(224)] SharedImageManager::ProduceSkia: Trying to Produce a Skia representation from a non-existent mailbox.
[5328:11544:0223/234330.794:WARNING:pref_notifier_impl.cc(41)] Pref observer for media_router.cast_allow_all_ips found at shutdown.
